<?xml version="1.0" encoding="UTF-8" ?>
<testsuite tests="1" failures="0" name="com.veganet.easytransport.test.UserDaoTest" time="29.464" errors="1" skipped="0">
  <properties>
[...]
</properties>
  <testcase classname="com.veganet.easytransport.test.UserDaoTest" name="testFindByOne" time="0.02">
    <error message="Failed to load ApplicationContext" type="java.lang.IllegalStateException">java.lang.IllegalStateException: Failed to load ApplicationContext
	at org.springframework.test.context.cache.DefaultCacheAwareContextLoaderDelegate.loadContext(DefaultCacheAwareContextLoaderDelegate.java:124)
	at org.springframework.test.context.support.DefaultTestContext.getApplicationContext(DefaultTestContext.java:83)
	at org.springframework.test.context.support.DependencyInjectionTestExecutionListener.injectDependencies(DependencyInjectionTestExecutionListener.java:117)
	at org.springframework.test.context.support.DependencyInjectionTestExecutionListener.prepareTestInstance(DependencyInjectionTestExecutionListener.java:83)
	at org.springframework.test.context.TestContextManager.prepareTestInstance(TestContextManager.java:228)
	at org.springframework.test.context.junit4.SpringJUnit4ClassRunner.createTest(SpringJUnit4ClassRunner.java:217)
	at org.springframework.test.context.junit4.SpringJUnit4ClassRunner$1.runReflectiveCall(SpringJUnit4ClassRunner.java:276)
	at org.junit.internal.runners.model.ReflectiveCallable.run(ReflectiveCallable.java:12)
	at org.springframework.test.context.junit4.SpringJUnit4ClassRunner.methodBlock(SpringJUnit4ClassRunner.java:278)
	at org.springframework.test.context.junit4.SpringJUnit4ClassRunner.runChild(SpringJUnit4ClassRunner.java:236)
	at org.springframework.test.context.junit4.SpringJUnit4ClassRunner.runChild(SpringJUnit4ClassRunner.java:87)
	at org.junit.runners.ParentRunner$3.run(ParentRunner.java:290)
	at org.junit.runners.ParentRunner$1.schedule(ParentRunner.java:71)
	at org.junit.runners.ParentRunner.runChildren(ParentRunner.java:288)
	at org.junit.runners.ParentRunner.access$000(ParentRunner.java:58)
	at org.junit.runners.ParentRunner$2.evaluate(ParentRunner.java:268)
	at org.springframework.test.context.junit4.statements.RunBeforeTestClassCallbacks.evaluate(RunBeforeTestClassCallbacks.java:61)
	at org.springframework.test.context.junit4.statements.RunAfterTestClassCallbacks.evaluate(RunAfterTestClassCallbacks.java:70)
	at org.junit.runners.ParentRunner.run(ParentRunner.java:363)
	at org.springframework.test.context.junit4.SpringJUnit4ClassRunner.run(SpringJUnit4ClassRunner.java:180)
	at org.apache.maven.surefire.junit4.JUnit4TestSet.execute(JUnit4TestSet.java:53)
	at org.apache.maven.surefire.junit4.JUnit4Provider.executeTestSet(JUnit4Provider.java:123)
	at org.apache.maven.surefire.junit4.JUnit4Provider.invoke(JUnit4Provider.java:104)
	at sun.reflect.NativeMethodAccessorImpl.invoke0(Native Method)
	at sun.reflect.NativeMethodAccessorImpl.invoke(NativeMethodAccessorImpl.java:62)
	at sun.reflect.DelegatingMethodAccessorImpl.invoke(DelegatingMethodAccessorImpl.java:43)
	at java.lang.reflect.Method.invoke(Method.java:498)
	at org.apache.maven.surefire.util.ReflectionUtils.invokeMethodWithArray(ReflectionUtils.java:164)
	at org.apache.maven.surefire.booter.ProviderFactory$ProviderProxy.invoke(ProviderFactory.java:110)
	at org.apache.maven.surefire.booter.SurefireStarter.invokeProvider(SurefireStarter.java:175)
	at org.apache.maven.surefire.booter.SurefireStarter.runSuitesInProcessWhenForked(SurefireStarter.java:107)
	at org.apache.maven.surefire.booter.ForkedBooter.main(ForkedBooter.java:68)
Caused by: org.springframework.beans.factory.BeanCreationException: Error creating bean with name &apos;loginController&apos;: Injection of resource dependencies failed; nested exception is org.springframework.beans.factory.NoSuchBeanDefinitionException: No bean named &apos;authenticationManager&apos; is defined
	at org.springframework.context.annotation.CommonAnnotationBeanPostProcessor.postProcessPropertyValues(CommonAnnotationBeanPostProcessor.java:311)
	at org.springframework.beans.factory.support.AbstractAutowireCapableBeanFactory.populateBean(AbstractAutowireCapableBeanFactory.java:1214)
	at org.springframework.beans.factory.support.AbstractAutowireCapableBeanFactory.doCreateBean(AbstractAutowireCapableBeanFactory.java:543)
	at org.springframework.beans.factory.support.AbstractAutowireCapableBeanFactory.createBean(AbstractAutowireCapableBeanFactory.java:482)
	at org.springframework.beans.factory.support.AbstractBeanFactory$1.getObject(AbstractBeanFactory.java:305)
	at org.springframework.beans.factory.support.DefaultSingletonBeanRegistry.getSingleton(DefaultSingletonBeanRegistry.java:230)
	at org.springframework.beans.factory.support.AbstractBeanFactory.doGetBean(AbstractBeanFactory.java:301)
	at org.springframework.beans.factory.support.AbstractBeanFactory.getBean(AbstractBeanFactory.java:196)
	at org.springframework.beans.factory.support.DefaultListableBeanFactory.preInstantiateSingletons(DefaultListableBeanFactory.java:772)
	at org.springframework.context.support.AbstractApplicationContext.finishBeanFactoryInitialization(AbstractApplicationContext.java:834)
	at org.springframework.context.support.AbstractApplicationContext.refresh(AbstractApplicationContext.java:537)
	at org.springframework.test.context.support.AbstractGenericContextLoader.loadContext(AbstractGenericContextLoader.java:125)
	at org.springframework.test.context.support.AbstractGenericContextLoader.loadContext(AbstractGenericContextLoader.java:60)
	at org.springframework.test.context.support.AbstractDelegatingSmartContextLoader.delegateLoading(AbstractDelegatingSmartContextLoader.java:109)
	at org.springframework.test.context.support.AbstractDelegatingSmartContextLoader.loadContext(AbstractDelegatingSmartContextLoader.java:261)
	at org.springframework.test.context.cache.DefaultCacheAwareContextLoaderDelegate.loadContextInternal(DefaultCacheAwareContextLoaderDelegate.java:98)
	at org.springframework.test.context.cache.DefaultCacheAwareContextLoaderDelegate.loadContext(DefaultCacheAwareContextLoaderDelegate.java:116)
	... 31 more
Caused by: org.springframework.beans.factory.NoSuchBeanDefinitionException: No bean named &apos;authenticationManager&apos; is defined
	at org.springframework.beans.factory.support.DefaultListableBeanFactory.getBeanDefinition(DefaultListableBeanFactory.java:698)
	at org.springframework.beans.factory.support.AbstractBeanFactory.getMergedLocalBeanDefinition(AbstractBeanFactory.java:1174)
	at org.springframework.beans.factory.support.AbstractBeanFactory.doGetBean(AbstractBeanFactory.java:283)
	at org.springframework.beans.factory.support.AbstractBeanFactory.getBean(AbstractBeanFactory.java:201)
	at org.springframework.context.annotation.CommonAnnotationBeanPostProcessor.autowireResource(CommonAnnotationBeanPostProcessor.java:512)
	at org.springframework.context.annotation.CommonAnnotationBeanPostProcessor.getResource(CommonAnnotationBeanPostProcessor.java:486)
	at org.springframework.context.annotation.CommonAnnotationBeanPostProcessor$ResourceElement.getResourceToInject(CommonAnnotationBeanPostProcessor.java:615)
	at org.springframework.beans.factory.annotation.InjectionMetadata$InjectedElement.inject(InjectionMetadata.java:169)
	at org.springframework.beans.factory.annotation.InjectionMetadata.inject(InjectionMetadata.java:88)
	at org.springframework.context.annotation.CommonAnnotationBeanPostProcessor.postProcessPropertyValues(CommonAnnotationBeanPostProcessor.java:308)
	... 47 more
</error>
    <system-err>juil. 04, 2017 11:52:22 AM org.springframework.test.context.support.DefaultTestContextBootstrapper getDefaultTestExecutionListenerClassNames
INFOS: Loaded default TestExecutionListener class names from location [META-INF/spring.factories]: [org.springframework.test.context.web.ServletTestExecutionListener, org.springframework.test.context.support.DirtiesContextBeforeModesTestExecutionListener, org.springframework.test.context.support.DependencyInjectionTestExecutionListener, org.springframework.test.context.support.DirtiesContextTestExecutionListener, org.springframework.test.context.transaction.TransactionalTestExecutionListener, org.springframework.test.context.jdbc.SqlScriptsTestExecutionListener]
juil. 04, 2017 11:52:22 AM org.springframework.test.context.support.DefaultTestContextBootstrapper getTestExecutionListeners
INFOS: Using TestExecutionListeners: [org.springframework.test.context.web.ServletTestExecutionListener@3bfdc050, org.springframework.test.context.support.DirtiesContextBeforeModesTestExecutionListener@1bce4f0a, org.springframework.test.context.support.DependencyInjectionTestExecutionListener@5e3a8624, org.springframework.test.context.support.DirtiesContextTestExecutionListener@5c3bd550, org.springframework.test.context.transaction.TransactionalTestExecutionListener@91161c7, org.springframework.test.context.jdbc.SqlScriptsTestExecutionListener@604ed9f0]
juil. 04, 2017 11:52:23 AM org.springframework.beans.factory.xml.XmlBeanDefinitionReader loadBeanDefinitions
INFOS: Loading XML bean definitions from URL [file:src/main/webapp/WEB-INF/spring-servlet.xml]
juil. 04, 2017 11:52:23 AM org.springframework.context.support.GenericApplicationContext prepareRefresh
INFOS: Refreshing org.springframework.context.support.GenericApplicationContext@6e1ec318: startup date [Tue Jul 04 11:52:23 GMT+01:00 2017]; root of context hierarchy
juil. 04, 2017 11:52:24 AM org.springframework.beans.factory.annotation.AutowiredAnnotationBeanPostProcessor &lt;init&gt;
INFOS: JSR-330 &apos;javax.inject.Inject&apos; annotation found and supported for autowiring
juil. 04, 2017 11:52:24 AM org.springframework.web.servlet.mvc.method.annotation.RequestMappingHandlerMapping register
INFOS: Mapped &quot;{[/alerts/getAllAlerts],methods=[GET]}&quot; onto public java.util.List&lt;com.veganet.easytransport.entities.Alert&gt; com.veganet.easytransport.controller.AlertController.getAlerts()
juil. 04, 2017 11:52:24 AM org.springframework.web.servlet.mvc.method.annotation.RequestMappingHandlerMapping register
INFOS: Mapped &quot;{[/alerts/addAlert],methods=[POST]}&quot; onto public void com.veganet.easytransport.controller.AlertController.addAlert(com.veganet.easytransport.entities.Alert)
juil. 04, 2017 11:52:24 AM org.springframework.web.servlet.mvc.method.annotation.RequestMappingHandlerMapping register
INFOS: Mapped &quot;{[/alerts/updateAlert/{id}],methods=[POST]}&quot; onto public void com.veganet.easytransport.controller.AlertController.updateAlert(int,com.veganet.easytransport.entities.Alert)
juil. 04, 2017 11:52:24 AM org.springframework.web.servlet.mvc.method.annotation.RequestMappingHandlerMapping register
INFOS: Mapped &quot;{[/alerts/deleteAlert/{id}],methods=[DELETE],produces=[application/json]}&quot; onto public void com.veganet.easytransport.controller.AlertController.deleteAlert(int)
juil. 04, 2017 11:52:24 AM org.springframework.web.servlet.mvc.method.annotation.RequestMappingHandlerMapping register
INFOS: Mapped &quot;{[/alerts/getAllVisibleBus],methods=[GET]}&quot; onto public java.util.List&lt;com.veganet.easytransport.entities.Alert&gt; com.veganet.easytransport.controller.AlertController.getAllVisible()
juil. 04, 2017 11:52:24 AM org.springframework.web.servlet.mvc.method.annotation.RequestMappingHandlerMapping register
INFOS: Mapped &quot;{[/alerts/getAllInvisibleBus],methods=[GET]}&quot; onto public java.util.List&lt;com.veganet.easytransport.entities.Alert&gt; com.veganet.easytransport.controller.AlertController.getAllInvisible()
juil. 04, 2017 11:52:24 AM org.springframework.web.servlet.mvc.method.annotation.RequestMappingHandlerMapping register
INFOS: Mapped &quot;{[/alerts/changeVisibility/{id}],methods=[POST]}&quot; onto public void com.veganet.easytransport.controller.AlertController.changeVisibility(int,com.veganet.easytransport.entities.Alert)
juil. 04, 2017 11:52:24 AM org.springframework.web.servlet.mvc.method.annotation.RequestMappingHandlerMapping register
INFOS: Mapped &quot;{[/alerts/getAlert/{id}],methods=[GET]}&quot; onto public com.veganet.easytransport.entities.Alert com.veganet.easytransport.controller.AlertController.getAlertById(int)
juil. 04, 2017 11:52:24 AM org.springframework.web.servlet.mvc.method.annotation.RequestMappingHandlerMapping register
INFOS: Mapped &quot;{[/alerts/alertsBus],methods=[GET]}&quot; onto public java.util.List&lt;com.veganet.easytransport.entities.Alert&gt; com.veganet.easytransport.controller.AlertController.getAllBytype(java.lang.Short)
juil. 04, 2017 11:52:24 AM org.springframework.web.servlet.mvc.method.annotation.RequestMappingHandlerMapping register
INFOS: Mapped &quot;{[/alerts/alertsTrain],methods=[GET]}&quot; onto public java.util.List&lt;com.veganet.easytransport.entities.Alert&gt; com.veganet.easytransport.controller.AlertController.getAllBytypeT(java.lang.Short)
juil. 04, 2017 11:52:24 AM org.springframework.web.servlet.mvc.method.annotation.RequestMappingHandlerMapping register
INFOS: Mapped &quot;{[/alerts/getAllInvisibleTrain],methods=[GET]}&quot; onto public java.util.List&lt;com.veganet.easytransport.entities.Alert&gt; com.veganet.easytransport.controller.AlertController.getAllInvisibleTrain()
juil. 04, 2017 11:52:25 AM org.springframework.web.servlet.mvc.method.annotation.RequestMappingHandlerMapping register
INFOS: Mapped &quot;{[/alerts/getAllVisibleTrain],methods=[GET]}&quot; onto public java.util.List&lt;com.veganet.easytransport.entities.Alert&gt; com.veganet.easytransport.controller.AlertController.getAllVisibleTrain()
juil. 04, 2017 11:52:25 AM org.springframework.web.servlet.mvc.method.annotation.RequestMappingHandlerMapping register
INFOS: Mapped &quot;{[/company/getAllCompanies],methods=[GET]}&quot; onto public java.util.List&lt;com.veganet.easytransport.entities.Company&gt; com.veganet.easytransport.controller.CompanyController.findAll()
juil. 04, 2017 11:52:25 AM org.springframework.web.servlet.mvc.method.annotation.RequestMappingHandlerMapping register
INFOS: Mapped &quot;{[/company/deleteHide/{id}],methods=[POST],produces=[application/json]}&quot; onto public void com.veganet.easytransport.controller.CompanyController.delete2(int)
juil. 04, 2017 11:52:25 AM org.springframework.web.servlet.mvc.method.annotation.RequestMappingHandlerMapping register
INFOS: Mapped &quot;{[/company/getCompany/{id}],methods=[GET]}&quot; onto public com.veganet.easytransport.entities.Company com.veganet.easytransport.controller.CompanyController.getCompanyById(int)
juil. 04, 2017 11:52:25 AM org.springframework.web.servlet.mvc.method.annotation.RequestMappingHandlerMapping register
INFOS: Mapped &quot;{[/company/getCompanies],methods=[GET]}&quot; onto public java.util.List&lt;com.veganet.easytransport.entities.Company&gt; com.veganet.easytransport.controller.CompanyController.getCompanies()
juil. 04, 2017 11:52:25 AM org.springframework.web.servlet.mvc.method.annotation.RequestMappingHandlerMapping register
INFOS: Mapped &quot;{[/company/deleteCompany/{id}],methods=[DELETE],produces=[application/json]}&quot; onto public void com.veganet.easytransport.controller.CompanyController.deleteCompany(int)
juil. 04, 2017 11:52:25 AM org.springframework.web.servlet.mvc.method.annotation.RequestMappingHandlerMapping register
INFOS: Mapped &quot;{[/company/addCompany],methods=[POST]}&quot; onto public java.lang.Integer com.veganet.easytransport.controller.CompanyController.addCompany(com.veganet.easytransport.entities.Company)
juil. 04, 2017 11:52:25 AM org.springframework.web.servlet.mvc.method.annotation.RequestMappingHandlerMapping register
INFOS: Mapped &quot;{[/company/updateCompany/{id}],methods=[POST]}&quot; onto public void com.veganet.easytransport.controller.CompanyController.updateCompany(int,com.veganet.easytransport.entities.Company)
juil. 04, 2017 11:52:25 AM org.springframework.web.servlet.mvc.method.annotation.RequestMappingHandlerMapping register
INFOS: Mapped &quot;{[/driverplannings/updateDriverplanning/{id}],methods=[POST]}&quot; onto public void com.veganet.easytransport.controller.DriverplanningController.update(int,com.veganet.easytransport.entities.Driverplanning)
juil. 04, 2017 11:52:25 AM org.springframework.web.servlet.mvc.method.annotation.RequestMappingHandlerMapping register
INFOS: Mapped &quot;{[/driverplannings/addDriverplanning],methods=[POST]}&quot; onto public void com.veganet.easytransport.controller.DriverplanningController.create(com.veganet.easytransport.entities.Driverplanning)
juil. 04, 2017 11:52:25 AM org.springframework.web.servlet.mvc.method.annotation.RequestMappingHandlerMapping register
INFOS: Mapped &quot;{[/driverplannings/search/{stationStart}/{stationEnd}/{date}/{hour}],methods=[GET]}&quot; onto public java.util.List&lt;com.veganet.easytransport.entities.Driverplanning&gt; com.veganet.easytransport.controller.DriverplanningController.search(java.lang.String,java.lang.String,java.util.Date,java.util.Date)
juil. 04, 2017 11:52:25 AM org.springframework.web.servlet.mvc.method.annotation.RequestMappingHandlerMapping register
INFOS: Mapped &quot;{[/driverplannings/getDriverplanning/{id}],methods=[GET]}&quot; onto public com.veganet.easytransport.entities.Driverplanning com.veganet.easytransport.controller.DriverplanningController.findOne(int)
juil. 04, 2017 11:52:25 AM org.springframework.web.servlet.mvc.method.annotation.RequestMappingHandlerMapping register
INFOS: Mapped &quot;{[/driverplannings/getAllDriverplannings],methods=[GET]}&quot; onto public java.util.List&lt;com.veganet.easytransport.entities.Driverplanning&gt; com.veganet.easytransport.controller.DriverplanningController.findAll()
juil. 04, 2017 11:52:25 AM org.springframework.web.servlet.mvc.method.annotation.RequestMappingHandlerMapping register
INFOS: Mapped &quot;{[/driverplannings/deleteDriverplanning/{id}],methods=[DELETE],produces=[application/json]}&quot; onto public void com.veganet.easytransport.controller.DriverplanningController.deleteById(int)
juil. 04, 2017 11:52:25 AM org.springframework.web.servlet.mvc.method.annotation.RequestMappingHandlerMapping register
INFOS: Mapped &quot;{[/driverplannings/getAllByUserBus/{id}],methods=[GET]}&quot; onto public java.util.List&lt;com.veganet.easytransport.entities.Driverplanning&gt; com.veganet.easytransport.controller.DriverplanningController.getAllByUserBus(int)
juil. 04, 2017 11:52:25 AM org.springframework.web.servlet.mvc.method.annotation.RequestMappingHandlerMapping register
INFOS: Mapped &quot;{[/driverplannings/searchByTrain/{transportName}/{date}],methods=[GET]}&quot; onto public java.util.List&lt;com.veganet.easytransport.entities.Driverplanning&gt; com.veganet.easytransport.controller.DriverplanningController.searchByTrain(java.lang.String,java.util.Date)
juil. 04, 2017 11:52:25 AM org.springframework.web.servlet.mvc.method.annotation.RequestMappingHandlerMapping register
INFOS: Mapped &quot;{[/driverplannings/getAllByDateBus],methods=[GET]}&quot; onto public java.util.List&lt;com.veganet.easytransport.entities.Driverplanning&gt; com.veganet.easytransport.controller.DriverplanningController.getAllByDateBus()
juil. 04, 2017 11:52:25 AM org.springframework.web.servlet.mvc.method.annotation.RequestMappingHandlerMapping register
INFOS: Mapped &quot;{[/driverplannings/searchStations/{stationStart}/{stationEnd}],methods=[GET]}&quot; onto public java.util.List&lt;com.veganet.easytransport.entities.Station&gt; com.veganet.easytransport.controller.DriverplanningController.searchStations(java.lang.String,java.lang.String)
juil. 04, 2017 11:52:25 AM org.springframework.web.servlet.mvc.method.annotation.RequestMappingHandlerMapping register
INFOS: Mapped &quot;{[/driverplannings/getOneByUser/{id}],methods=[GET]}&quot; onto public java.util.List&lt;com.veganet.easytransport.entities.Driverplanning&gt; com.veganet.easytransport.controller.DriverplanningController.getOneByUser(int)
juil. 04, 2017 11:52:25 AM org.springframework.web.servlet.mvc.method.annotation.RequestMappingHandlerMapping register
INFOS: Mapped &quot;{[/driverplannings/getAllByDistinctUserBus],methods=[GET]}&quot; onto public java.util.List&lt;com.veganet.easytransport.entities.Driverplanning&gt; com.veganet.easytransport.controller.DriverplanningController.getAllByDistinctUser()
juil. 04, 2017 11:52:25 AM org.springframework.web.servlet.mvc.method.annotation.RequestMappingHandlerMapping register
INFOS: Mapped &quot;{[/driverplannings/getAllByUserTrain/{id}],methods=[GET]}&quot; onto public java.util.List&lt;com.veganet.easytransport.entities.Driverplanning&gt; com.veganet.easytransport.controller.DriverplanningController.getAllByUserTrain(int)
juil. 04, 2017 11:52:25 AM org.springframework.web.servlet.mvc.method.annotation.RequestMappingHandlerMapping register
INFOS: Mapped &quot;{[/driverplannings/getAllByDistinctUserTrain],methods=[GET]}&quot; onto public java.util.List&lt;com.veganet.easytransport.entities.Driverplanning&gt; com.veganet.easytransport.controller.DriverplanningController.getAllByDistinctUserTrain()
juil. 04, 2017 11:52:25 AM org.springframework.web.servlet.mvc.method.annotation.RequestMappingHandlerMapping register
INFOS: Mapped &quot;{[/driverplannings/searchByStationName/{stationName}],methods=[GET]}&quot; onto public java.util.List&lt;com.veganet.easytransport.entities.Driverplanning&gt; com.veganet.easytransport.controller.DriverplanningController.searchByStationName(java.lang.String)
juil. 04, 2017 11:52:25 AM org.springframework.web.servlet.mvc.method.annotation.RequestMappingHandlerMapping register
INFOS: Mapped &quot;{[/driverplannings/getAllByDateTrain],methods=[GET]}&quot; onto public java.util.List&lt;com.veganet.easytransport.entities.Driverplanning&gt; com.veganet.easytransport.controller.DriverplanningController.getAllByDateTrain()
juil. 04, 2017 11:52:25 AM org.springframework.web.servlet.mvc.method.annotation.RequestMappingHandlerMapping register
INFOS: Mapped &quot;{[/favorites/updateFavorite/{id}],methods=[POST]}&quot; onto public void com.veganet.easytransport.controller.FavoriteController.updateFavorite(int,com.veganet.easytransport.entities.Favorite)
juil. 04, 2017 11:52:25 AM org.springframework.web.servlet.mvc.method.annotation.RequestMappingHandlerMapping register
INFOS: Mapped &quot;{[/favorites/getFavorite/{id}],methods=[GET]}&quot; onto public com.veganet.easytransport.entities.Favorite com.veganet.easytransport.controller.FavoriteController.getFavoriteById(int)
juil. 04, 2017 11:52:25 AM org.springframework.web.servlet.mvc.method.annotation.RequestMappingHandlerMapping register
INFOS: Mapped &quot;{[/favorites/addFavorite],methods=[POST]}&quot; onto public void com.veganet.easytransport.controller.FavoriteController.addFavorite(com.veganet.easytransport.entities.Favorite)
juil. 04, 2017 11:52:25 AM org.springframework.web.servlet.mvc.method.annotation.RequestMappingHandlerMapping register
INFOS: Mapped &quot;{[/favorites/deleteFavorite/{id}],methods=[DELETE],produces=[application/json]}&quot; onto public void com.veganet.easytransport.controller.FavoriteController.deleteFavorite(int)
juil. 04, 2017 11:52:25 AM org.springframework.web.servlet.mvc.method.annotation.RequestMappingHandlerMapping register
INFOS: Mapped &quot;{[/favorites/getAllFavorites],methods=[GET]}&quot; onto public java.util.List&lt;com.veganet.easytransport.entities.Favorite&gt; com.veganet.easytransport.controller.FavoriteController.getFavorites()
juil. 04, 2017 11:52:25 AM org.springframework.web.servlet.mvc.method.annotation.RequestMappingHandlerMapping register
INFOS: Mapped &quot;{[/journeys/add],methods=[POST]}&quot; onto public java.lang.Integer com.veganet.easytransport.controller.JourneyController.add(com.veganet.easytransport.entities.Journey)
juil. 04, 2017 11:52:25 AM org.springframework.web.servlet.mvc.method.annotation.RequestMappingHandlerMapping register
INFOS: Mapped &quot;{[/journeys/delete2/{id}],methods=[POST],produces=[application/json]}&quot; onto public void com.veganet.easytransport.controller.JourneyController.delete2(int)
juil. 04, 2017 11:52:25 AM org.springframework.web.servlet.mvc.method.annotation.RequestMappingHandlerMapping register
INFOS: Mapped &quot;{[/journeys/getJourney/{id}],methods=[GET]}&quot; onto public com.veganet.easytransport.entities.Journey com.veganet.easytransport.controller.JourneyController.getJourneyById(int)
juil. 04, 2017 11:52:25 AM org.springframework.web.servlet.mvc.method.annotation.RequestMappingHandlerMapping register
INFOS: Mapped &quot;{[/journeys/addJourney],methods=[POST]}&quot; onto public void com.veganet.easytransport.controller.JourneyController.addJourney(com.veganet.easytransport.entities.Journey)
juil. 04, 2017 11:52:25 AM org.springframework.web.servlet.mvc.method.annotation.RequestMappingHandlerMapping register
INFOS: Mapped &quot;{[/journeys/getAllJourneys],methods=[GET]}&quot; onto public java.util.List&lt;com.veganet.easytransport.entities.Journey&gt; com.veganet.easytransport.controller.JourneyController.getJourneys()
juil. 04, 2017 11:52:25 AM org.springframework.web.servlet.mvc.method.annotation.RequestMappingHandlerMapping register
INFOS: Mapped &quot;{[/journeys/getTrainJourneys],methods=[GET]}&quot; onto public java.util.List&lt;com.veganet.easytransport.entities.Journey&gt; com.veganet.easytransport.controller.JourneyController.getTrainJourneys()
juil. 04, 2017 11:52:25 AM org.springframework.web.servlet.mvc.method.annotation.RequestMappingHandlerMapping register
INFOS: Mapped &quot;{[/journeys/deleteJourney/{id}],methods=[DELETE],produces=[application/json]}&quot; onto public void com.veganet.easytransport.controller.JourneyController.deleteJourney(int)
juil. 04, 2017 11:52:25 AM org.springframework.web.servlet.mvc.method.annotation.RequestMappingHandlerMapping register
INFOS: Mapped &quot;{[/journeys/updateJourney/{id}],methods=[POST]}&quot; onto public void com.veganet.easytransport.controller.JourneyController.updateJourney(int,com.veganet.easytransport.entities.Journey)
juil. 04, 2017 11:52:25 AM org.springframework.web.servlet.mvc.method.annotation.RequestMappingHandlerMapping register
INFOS: Mapped &quot;{[/journeys/getAll],methods=[GET]}&quot; onto public java.util.List&lt;com.veganet.easytransport.entities.Journey&gt; com.veganet.easytransport.controller.JourneyController.getAll()
juil. 04, 2017 11:52:25 AM org.springframework.web.servlet.mvc.method.annotation.RequestMappingHandlerMapping register
INFOS: Mapped &quot;{[/journeys/getBusJourneys],methods=[GET]}&quot; onto public java.util.List&lt;com.veganet.easytransport.entities.Journey&gt; com.veganet.easytransport.controller.JourneyController.getBusJourneys()
juil. 04, 2017 11:52:25 AM org.springframework.web.servlet.mvc.method.annotation.RequestMappingHandlerMapping register
INFOS: Mapped &quot;{[/journeys/linesOfJourney/{journeyId}],methods=[GET],produces=[application/json]}&quot; onto public java.lang.String com.veganet.easytransport.controller.JourneyController.linesOfJourney(int)
juil. 04, 2017 11:52:25 AM org.springframework.web.servlet.mvc.method.annotation.RequestMappingHandlerMapping register
INFOS: Mapped &quot;{[/journeylocalisation/updateJourneylocalisation/{id}],methods=[POST]}&quot; onto public void com.veganet.easytransport.controller.JourneylocalisationController.update(int,com.veganet.easytransport.entities.Journeylocalisation)
juil. 04, 2017 11:52:25 AM org.springframework.web.servlet.mvc.method.annotation.RequestMappingHandlerMapping register
INFOS: Mapped &quot;{[/journeylocalisation/addJourneylocalisation],methods=[POST]}&quot; onto public java.lang.Integer com.veganet.easytransport.controller.JourneylocalisationController.create(com.veganet.easytransport.entities.Journeylocalisation)
juil. 04, 2017 11:52:25 AM org.springframework.web.servlet.mvc.method.annotation.RequestMappingHandlerMapping register
INFOS: Mapped &quot;{[/journeylocalisation/getJourneylocalisation/{id}],methods=[GET]}&quot; onto public com.veganet.easytransport.entities.Journeylocalisation com.veganet.easytransport.controller.JourneylocalisationController.findOne(int)
juil. 04, 2017 11:52:25 AM org.springframework.web.servlet.mvc.method.annotation.RequestMappingHandlerMapping register
INFOS: Mapped &quot;{[/journeylocalisation/getAllJourneylocalisations],methods=[GET]}&quot; onto public java.util.List&lt;com.veganet.easytransport.entities.Journeylocalisation&gt; com.veganet.easytransport.controller.JourneylocalisationController.findAll()
juil. 04, 2017 11:52:25 AM org.springframework.web.servlet.mvc.method.annotation.RequestMappingHandlerMapping register
INFOS: Mapped &quot;{[/journeylocalisation/deleteJourneylocalisation/{id}],methods=[DELETE],produces=[application/json]}&quot; onto public void com.veganet.easytransport.controller.JourneylocalisationController.deleteById(int)
juil. 04, 2017 11:52:25 AM org.springframework.web.servlet.mvc.method.annotation.RequestMappingHandlerMapping register
INFOS: Mapped &quot;{[/journeylocalisation/getAllByJourney/{id}],methods=[GET]}&quot; onto public java.util.List&lt;com.veganet.easytransport.entities.Journeylocalisation&gt; com.veganet.easytransport.controller.JourneylocalisationController.getAllByLine(int)
juil. 04, 2017 11:52:25 AM org.springframework.web.servlet.mvc.method.annotation.RequestMappingHandlerMapping register
INFOS: Mapped &quot;{[/journeylocalisation/getAllBus],methods=[GET]}&quot; onto public java.util.List&lt;com.veganet.easytransport.entities.Journeylocalisation&gt; com.veganet.easytransport.controller.JourneylocalisationController.getAllBus()
juil. 04, 2017 11:52:25 AM org.springframework.web.servlet.mvc.method.annotation.RequestMappingHandlerMapping register
INFOS: Mapped &quot;{[/journeyplanning/updateJourneyplanning/{id}],methods=[POST]}&quot; onto public void com.veganet.easytransport.controller.JourneyplanningController.update(int,com.veganet.easytransport.entities.Journeyplanning)
juil. 04, 2017 11:52:25 AM org.springframework.web.servlet.mvc.method.annotation.RequestMappingHandlerMapping register
INFOS: Mapped &quot;{[/journeyplanning/addJourneyplanning],methods=[POST]}&quot; onto public void com.veganet.easytransport.controller.JourneyplanningController.create(com.veganet.easytransport.entities.Journeyplanning)
juil. 04, 2017 11:52:25 AM org.springframework.web.servlet.mvc.method.annotation.RequestMappingHandlerMapping register
INFOS: Mapped &quot;{[/journeyplanning/getJourneyplanning/{id}],methods=[GET]}&quot; onto public com.veganet.easytransport.entities.Journeyplanning com.veganet.easytransport.controller.JourneyplanningController.findOne(int)
juil. 04, 2017 11:52:25 AM org.springframework.web.servlet.mvc.method.annotation.RequestMappingHandlerMapping register
INFOS: Mapped &quot;{[/journeyplanning/getAllJourneyplannings],methods=[GET]}&quot; onto public java.util.List&lt;com.veganet.easytransport.entities.Journeyplanning&gt; com.veganet.easytransport.controller.JourneyplanningController.findAll()
juil. 04, 2017 11:52:25 AM org.springframework.web.servlet.mvc.method.annotation.RequestMappingHandlerMapping register
INFOS: Mapped &quot;{[/journeyplanning/deleteDriverplanning/{id}],methods=[DELETE],produces=[application/json]}&quot; onto public void com.veganet.easytransport.controller.JourneyplanningController.deleteById(int)
juil. 04, 2017 11:52:25 AM org.springframework.web.servlet.mvc.method.annotation.RequestMappingHandlerMapping register
INFOS: Mapped &quot;{[/lines/add],methods=[POST]}&quot; onto public java.lang.Integer com.veganet.easytransport.controller.LineController.add(com.veganet.easytransport.entities.Line)
juil. 04, 2017 11:52:25 AM org.springframework.web.servlet.mvc.method.annotation.RequestMappingHandlerMapping register
INFOS: Mapped &quot;{[/lines/delete2/{id}],methods=[POST],produces=[application/json]}&quot; onto public void com.veganet.easytransport.controller.LineController.delete2(int)
juil. 04, 2017 11:52:25 AM org.springframework.web.servlet.mvc.method.annotation.RequestMappingHandlerMapping register
INFOS: Mapped &quot;{[/lines/deleteLine/{id}],methods=[DELETE],produces=[application/json]}&quot; onto public void com.veganet.easytransport.controller.LineController.deleteLine(int)
juil. 04, 2017 11:52:25 AM org.springframework.web.servlet.mvc.method.annotation.RequestMappingHandlerMapping register
INFOS: Mapped &quot;{[/lines/getLine/{id}],methods=[GET]}&quot; onto public com.veganet.easytransport.entities.Line com.veganet.easytransport.controller.LineController.getLineById(int)
juil. 04, 2017 11:52:25 AM org.springframework.web.servlet.mvc.method.annotation.RequestMappingHandlerMapping register
INFOS: Mapped &quot;{[/lines/getTrainLines],methods=[GET]}&quot; onto public java.util.List&lt;com.veganet.easytransport.entities.Line&gt; com.veganet.easytransport.controller.LineController.getTrainLines()
juil. 04, 2017 11:52:25 AM org.springframework.web.servlet.mvc.method.annotation.RequestMappingHandlerMapping register
INFOS: Mapped &quot;{[/lines/getAll],methods=[GET]}&quot; onto public java.util.List&lt;com.veganet.easytransport.entities.Line&gt; com.veganet.easytransport.controller.LineController.getAll()
juil. 04, 2017 11:52:25 AM org.springframework.web.servlet.mvc.method.annotation.RequestMappingHandlerMapping register
INFOS: Mapped &quot;{[/lines/getAllLines],methods=[GET]}&quot; onto public java.util.List&lt;com.veganet.easytransport.entities.Line&gt; com.veganet.easytransport.controller.LineController.getLines()
juil. 04, 2017 11:52:25 AM org.springframework.web.servlet.mvc.method.annotation.RequestMappingHandlerMapping register
INFOS: Mapped &quot;{[/lines/updateLine/{id}],methods=[POST]}&quot; onto public void com.veganet.easytransport.controller.LineController.updateLine(int,com.veganet.easytransport.entities.Line)
juil. 04, 2017 11:52:25 AM org.springframework.web.servlet.mvc.method.annotation.RequestMappingHandlerMapping register
INFOS: Mapped &quot;{[/lines/getBusLines],methods=[GET]}&quot; onto public java.util.List&lt;com.veganet.easytransport.entities.Line&gt; com.veganet.easytransport.controller.LineController.getBusLines()
juil. 04, 2017 11:52:25 AM org.springframework.web.servlet.mvc.method.annotation.RequestMappingHandlerMapping register
INFOS: Mapped &quot;{[/lines/addLine],methods=[POST]}&quot; onto public void com.veganet.easytransport.controller.LineController.addLine(com.veganet.easytransport.entities.Line)
juil. 04, 2017 11:52:25 AM org.springframework.web.servlet.mvc.method.annotation.RequestMappingHandlerMapping register
INFOS: Mapped &quot;{[/security/findConnectedUser],methods=[GET]}&quot; onto public com.veganet.easytransport.entities.User com.veganet.easytransport.controller.LoginController.findByUserName()
juil. 04, 2017 11:52:25 AM org.springframework.web.servlet.mvc.method.annotation.RequestMappingHandlerMapping register
INFOS: Mapped &quot;{[/security/login/{username}/{password}],methods=[GET]}&quot; onto private void com.veganet.easytransport.controller.LoginController.doAutoLogin(java.lang.String,java.lang.String,javax.servlet.http.HttpServletRequest)
juil. 04, 2017 11:52:25 AM org.springframework.web.servlet.mvc.method.annotation.RequestMappingHandlerMapping register
INFOS: Mapped &quot;{[/security/logout],methods=[GET]}&quot; onto public void com.veganet.easytransport.controller.LoginController.logoutPage(javax.servlet.http.HttpServletRequest,javax.servlet.http.HttpServletResponse)
juil. 04, 2017 11:52:25 AM org.springframework.web.servlet.mvc.method.annotation.RequestMappingHandlerMapping register
INFOS: Mapped &quot;{[/passages/deletePassage/{id}],methods=[DELETE],produces=[application/json]}&quot; onto public void com.veganet.easytransport.controller.PassageController.deletePassage(int)
juil. 04, 2017 11:52:25 AM org.springframework.web.servlet.mvc.method.annotation.RequestMappingHandlerMapping register
INFOS: Mapped &quot;{[/passages/addPassage],methods=[POST]}&quot; onto public void com.veganet.easytransport.controller.PassageController.addPassage(com.veganet.easytransport.entities.Passage)
juil. 04, 2017 11:52:25 AM org.springframework.web.servlet.mvc.method.annotation.RequestMappingHandlerMapping register
INFOS: Mapped &quot;{[/passages/updatePassage/{id}],methods=[POST]}&quot; onto public void com.veganet.easytransport.controller.PassageController.updatePassage(int,com.veganet.easytransport.entities.Passage)
juil. 04, 2017 11:52:25 AM org.springframework.web.servlet.mvc.method.annotation.RequestMappingHandlerMapping register
INFOS: Mapped &quot;{[/passages/getAllPassages],methods=[GET]}&quot; onto public java.util.List&lt;com.veganet.easytransport.entities.Passage&gt; com.veganet.easytransport.controller.PassageController.getPassagers()
juil. 04, 2017 11:52:25 AM org.springframework.web.servlet.mvc.method.annotation.RequestMappingHandlerMapping register
INFOS: Mapped &quot;{[/passages/getPassage/{id}],methods=[GET]}&quot; onto public com.veganet.easytransport.entities.Passage com.veganet.easytransport.controller.PassageController.getPassageById(int)
juil. 04, 2017 11:52:25 AM org.springframework.web.servlet.mvc.method.annotation.RequestMappingHandlerMapping register
INFOS: Mapped &quot;{[/positions/add],methods=[POST]}&quot; onto public void com.veganet.easytransport.controller.PositionController.add(com.veganet.easytransport.entities.Positions)
juil. 04, 2017 11:52:25 AM org.springframework.web.servlet.mvc.method.annotation.RequestMappingHandlerMapping register
INFOS: Mapped &quot;{[/positions/getAllPositions],methods=[GET]}&quot; onto public java.util.List&lt;com.veganet.easytransport.entities.Positions&gt; com.veganet.easytransport.controller.PositionController.getPositions()
juil. 04, 2017 11:52:25 AM org.springframework.web.servlet.mvc.method.annotation.RequestMappingHandlerMapping register
INFOS: Mapped &quot;{[/positions/getPosition/{id}],methods=[GET]}&quot; onto public com.veganet.easytransport.entities.Positions com.veganet.easytransport.controller.PositionController.getPositionById(int)
juil. 04, 2017 11:52:25 AM org.springframework.web.servlet.mvc.method.annotation.RequestMappingHandlerMapping register
INFOS: Mapped &quot;{[/positions/delete2/{id}],methods=[POST],produces=[application/json]}&quot; onto public void com.veganet.easytransport.controller.PositionController.delete2(int)
juil. 04, 2017 11:52:25 AM org.springframework.web.servlet.mvc.method.annotation.RequestMappingHandlerMapping register
INFOS: Mapped &quot;{[/positions/addPosition],methods=[POST]}&quot; onto public void com.veganet.easytransport.controller.PositionController.addPosition(com.veganet.easytransport.entities.Positions)
juil. 04, 2017 11:52:25 AM org.springframework.web.servlet.mvc.method.annotation.RequestMappingHandlerMapping register
INFOS: Mapped &quot;{[/positions/getAll],methods=[GET]}&quot; onto public java.util.List&lt;com.veganet.easytransport.entities.Positions&gt; com.veganet.easytransport.controller.PositionController.getAll()
juil. 04, 2017 11:52:25 AM org.springframework.web.servlet.mvc.method.annotation.RequestMappingHandlerMapping register
INFOS: Mapped &quot;{[/positions/updatePosition/{id}],methods=[POST]}&quot; onto public void com.veganet.easytransport.controller.PositionController.updatePosition(int,com.veganet.easytransport.entities.Positions)
juil. 04, 2017 11:52:25 AM org.springframework.web.servlet.mvc.method.annotation.RequestMappingHandlerMapping register
INFOS: Mapped &quot;{[/positions/deletePosition/{id}],methods=[DELETE],produces=[application/json]}&quot; onto public void com.veganet.easytransport.controller.PositionController.deletePosition(int)
juil. 04, 2017 11:52:25 AM org.springframework.web.servlet.mvc.method.annotation.RequestMappingHandlerMapping register
INFOS: Mapped &quot;{[/relatedto/updateRelatedto/{id}],methods=[POST]}&quot; onto public void com.veganet.easytransport.controller.RelatedtoController.update(int,com.veganet.easytransport.entities.Relatedto)
juil. 04, 2017 11:52:25 AM org.springframework.web.servlet.mvc.method.annotation.RequestMappingHandlerMapping register
INFOS: Mapped &quot;{[/relatedto/addRelatedto],methods=[POST]}&quot; onto public void com.veganet.easytransport.controller.RelatedtoController.create(com.veganet.easytransport.entities.Relatedto)
juil. 04, 2017 11:52:25 AM org.springframework.web.servlet.mvc.method.annotation.RequestMappingHandlerMapping register
INFOS: Mapped &quot;{[/relatedto/getRelatedto/{id}],methods=[GET]}&quot; onto public com.veganet.easytransport.entities.Relatedto com.veganet.easytransport.controller.RelatedtoController.findOne(int)
juil. 04, 2017 11:52:25 AM org.springframework.web.servlet.mvc.method.annotation.RequestMappingHandlerMapping register
INFOS: Mapped &quot;{[/relatedto/getAllRelatedto],methods=[GET]}&quot; onto public java.util.List&lt;com.veganet.easytransport.entities.Relatedto&gt; com.veganet.easytransport.controller.RelatedtoController.findAll()
juil. 04, 2017 11:52:25 AM org.springframework.web.servlet.mvc.method.annotation.RequestMappingHandlerMapping register
INFOS: Mapped &quot;{[/relatedto/deleteRelatedto/{id}],methods=[DELETE],produces=[application/json]}&quot; onto public void com.veganet.easytransport.controller.RelatedtoController.deleteById(int)
juil. 04, 2017 11:52:25 AM org.springframework.web.servlet.mvc.method.annotation.RequestMappingHandlerMapping register
INFOS: Mapped &quot;{[/relatedto/getAllByLine/{id}],methods=[GET]}&quot; onto public java.util.List&lt;com.veganet.easytransport.entities.Relatedto&gt; com.veganet.easytransport.controller.RelatedtoController.getAllByLine(int)
juil. 04, 2017 11:52:25 AM org.springframework.web.servlet.mvc.method.annotation.RequestMappingHandlerMapping register
INFOS: Mapped &quot;{[/relatedto/getAllTrains],methods=[GET]}&quot; onto public java.util.List&lt;com.veganet.easytransport.entities.Relatedto&gt; com.veganet.easytransport.controller.RelatedtoController.getAll()
juil. 04, 2017 11:52:25 AM org.springframework.web.servlet.mvc.method.annotation.RequestMappingHandlerMapping register
INFOS: Mapped &quot;{[/relatedto/getAllBus],methods=[GET]}&quot; onto public java.util.List&lt;com.veganet.easytransport.entities.Relatedto&gt; com.veganet.easytransport.controller.RelatedtoController.getAllBus()
juil. 04, 2017 11:52:25 AM org.springframework.web.servlet.mvc.method.annotation.RequestMappingHandlerMapping register
INFOS: Mapped &quot;{[/relatedto/getLastTagLine/{id}],methods=[GET]}&quot; onto public com.veganet.easytransport.entities.Relatedto com.veganet.easytransport.controller.RelatedtoController.getLastTagLine(int)
juil. 04, 2017 11:52:25 AM org.springframework.web.servlet.mvc.method.annotation.RequestMappingHandlerMapping register
INFOS: Mapped &quot;{[/relatedto/getLastTag/{id}],methods=[GET]}&quot; onto public int com.veganet.easytransport.controller.RelatedtoController.getLastTag(int)
juil. 04, 2017 11:52:25 AM org.springframework.web.servlet.mvc.method.annotation.RequestMappingHandlerMapping register
INFOS: Mapped &quot;{[/relatedto/getFirstTagLine/{id}],methods=[GET]}&quot; onto public com.veganet.easytransport.entities.Relatedto com.veganet.easytransport.controller.RelatedtoController.getFirstTagLine(int)
juil. 04, 2017 11:52:25 AM org.springframework.web.servlet.mvc.method.annotation.RequestMappingHandlerMapping register
INFOS: Mapped &quot;{[/stations/add],methods=[POST]}&quot; onto public void com.veganet.easytransport.controller.StationController.add(com.veganet.easytransport.entities.Station)
juil. 04, 2017 11:52:25 AM org.springframework.web.servlet.mvc.method.annotation.RequestMappingHandlerMapping register
INFOS: Mapped &quot;{[/stations/delete2/{id}],methods=[POST],produces=[application/json]}&quot; onto public void com.veganet.easytransport.controller.StationController.delete2(int)
juil. 04, 2017 11:52:25 AM org.springframework.web.servlet.mvc.method.annotation.RequestMappingHandlerMapping register
INFOS: Mapped &quot;{[/stations/getAll],methods=[GET]}&quot; onto public java.util.List&lt;com.veganet.easytransport.entities.Station&gt; com.veganet.easytransport.controller.StationController.getAll()
juil. 04, 2017 11:52:25 AM org.springframework.web.servlet.mvc.method.annotation.RequestMappingHandlerMapping register
INFOS: Mapped &quot;{[/stations/addStation],methods=[POST]}&quot; onto public void com.veganet.easytransport.controller.StationController.addStation(com.veganet.easytransport.entities.Station)
juil. 04, 2017 11:52:25 AM org.springframework.web.servlet.mvc.method.annotation.RequestMappingHandlerMapping register
INFOS: Mapped &quot;{[/stations/getBusStop],methods=[GET]}&quot; onto public java.util.List&lt;com.veganet.easytransport.entities.Station&gt; com.veganet.easytransport.controller.StationController.getBusStop()
juil. 04, 2017 11:52:25 AM org.springframework.web.servlet.mvc.method.annotation.RequestMappingHandlerMapping register
INFOS: Mapped &quot;{[/stations/updateStation/{id}],methods=[POST]}&quot; onto public void com.veganet.easytransport.controller.StationController.updateStation(int,com.veganet.easytransport.entities.Station)
juil. 04, 2017 11:52:25 AM org.springframework.web.servlet.mvc.method.annotation.RequestMappingHandlerMapping register
INFOS: Mapped &quot;{[/stations/getStation/{id}],methods=[GET]}&quot; onto public com.veganet.easytransport.entities.Station com.veganet.easytransport.controller.StationController.getStationById(int)
juil. 04, 2017 11:52:25 AM org.springframework.web.servlet.mvc.method.annotation.RequestMappingHandlerMapping register
INFOS: Mapped &quot;{[/stations/getAllStations],methods=[GET]}&quot; onto public java.util.List&lt;com.veganet.easytransport.entities.Station&gt; com.veganet.easytransport.controller.StationController.getStations()
juil. 04, 2017 11:52:25 AM org.springframework.web.servlet.mvc.method.annotation.RequestMappingHandlerMapping register
INFOS: Mapped &quot;{[/stations/deleteStation/{id}],methods=[DELETE],produces=[application/json]}&quot; onto public void com.veganet.easytransport.controller.StationController.deleteStation(int)
juil. 04, 2017 11:52:25 AM org.springframework.web.servlet.mvc.method.annotation.RequestMappingHandlerMapping register
INFOS: Mapped &quot;{[/stations/getTrainStations],methods=[GET]}&quot; onto public java.util.List&lt;com.veganet.easytransport.entities.Station&gt; com.veganet.easytransport.controller.StationController.getTrainStations()
juil. 04, 2017 11:52:25 AM org.springframework.web.servlet.mvc.method.annotation.RequestMappingHandlerMapping register
INFOS: Mapped &quot;{[/transports/add],methods=[POST]}&quot; onto public void com.veganet.easytransport.controller.TransportController.add(com.veganet.easytransport.entities.Transport)
juil. 04, 2017 11:52:25 AM org.springframework.web.servlet.mvc.method.annotation.RequestMappingHandlerMapping register
INFOS: Mapped &quot;{[/transports/delete2/{id}],methods=[POST],produces=[application/json]}&quot; onto public void com.veganet.easytransport.controller.TransportController.delete2(int)
juil. 04, 2017 11:52:25 AM org.springframework.web.servlet.mvc.method.annotation.RequestMappingHandlerMapping register
INFOS: Mapped &quot;{[/transports/getAll],methods=[GET]}&quot; onto public java.util.List&lt;com.veganet.easytransport.entities.Transport&gt; com.veganet.easytransport.controller.TransportController.getAll()
juil. 04, 2017 11:52:25 AM org.springframework.web.servlet.mvc.method.annotation.RequestMappingHandlerMapping register
INFOS: Mapped &quot;{[/transports/getTrains],methods=[GET]}&quot; onto public java.util.List&lt;com.veganet.easytransport.entities.Transport&gt; com.veganet.easytransport.controller.TransportController.getTrains()
juil. 04, 2017 11:52:25 AM org.springframework.web.servlet.mvc.method.annotation.RequestMappingHandlerMapping register
INFOS: Mapped &quot;{[/transports/updateTransport/{id}],methods=[POST]}&quot; onto public void com.veganet.easytransport.controller.TransportController.updateTransport(int,com.veganet.easytransport.entities.Transport)
juil. 04, 2017 11:52:25 AM org.springframework.web.servlet.mvc.method.annotation.RequestMappingHandlerMapping register
INFOS: Mapped &quot;{[/transports/getTransport/{id}],methods=[GET]}&quot; onto public com.veganet.easytransport.entities.Transport com.veganet.easytransport.controller.TransportController.getTransportById(int)
juil. 04, 2017 11:52:25 AM org.springframework.web.servlet.mvc.method.annotation.RequestMappingHandlerMapping register
INFOS: Mapped &quot;{[/transports/getAllTransports],methods=[GET]}&quot; onto public java.util.List&lt;com.veganet.easytransport.entities.Transport&gt; com.veganet.easytransport.controller.TransportController.getTransports()
juil. 04, 2017 11:52:25 AM org.springframework.web.servlet.mvc.method.annotation.RequestMappingHandlerMapping register
INFOS: Mapped &quot;{[/transports/addTransport],methods=[POST]}&quot; onto public void com.veganet.easytransport.controller.TransportController.addTransport(com.veganet.easytransport.entities.Transport)
juil. 04, 2017 11:52:25 AM org.springframework.web.servlet.mvc.method.annotation.RequestMappingHandlerMapping register
INFOS: Mapped &quot;{[/transports/deleteTransport/{id}],methods=[DELETE],produces=[application/json]}&quot; onto public void com.veganet.easytransport.controller.TransportController.deleteTransport(int)
juil. 04, 2017 11:52:25 AM org.springframework.web.servlet.mvc.method.annotation.RequestMappingHandlerMapping register
INFOS: Mapped &quot;{[/transports/getBus],methods=[GET]}&quot; onto public java.util.List&lt;com.veganet.easytransport.entities.Transport&gt; com.veganet.easytransport.controller.TransportController.getBus()
juil. 04, 2017 11:52:25 AM org.springframework.web.servlet.mvc.method.annotation.RequestMappingHandlerMapping register
INFOS: Mapped &quot;{[/users/addUser],methods=[POST]}&quot; onto public void com.veganet.easytransport.controller.UserController.add(com.veganet.easytransport.entities.User)
juil. 04, 2017 11:52:25 AM org.springframework.web.servlet.mvc.method.annotation.RequestMappingHandlerMapping register
INFOS: Mapped &quot;{[/users/deleteUser2/{id}],methods=[POST],produces=[application/json]}&quot; onto public void com.veganet.easytransport.controller.UserController.delete2(int)
juil. 04, 2017 11:52:25 AM org.springframework.web.servlet.mvc.method.annotation.RequestMappingHandlerMapping register
INFOS: Mapped &quot;{[/users/getUsers],methods=[GET]}&quot; onto public java.util.List&lt;com.veganet.easytransport.entities.User&gt; com.veganet.easytransport.controller.UserController.getUsers()
juil. 04, 2017 11:52:25 AM org.springframework.web.servlet.mvc.method.annotation.RequestMappingHandlerMapping register
INFOS: Mapped &quot;{[/users/findByUserName/{userName}],methods=[GET]}&quot; onto public com.veganet.easytransport.entities.User com.veganet.easytransport.controller.UserController.findByUserName(java.lang.String)
juil. 04, 2017 11:52:25 AM org.springframework.web.servlet.mvc.method.annotation.RequestMappingHandlerMapping register
INFOS: Mapped &quot;{[/users/passwordForgotten/{userName}],methods=[GET]}&quot; onto public com.veganet.easytransport.entities.User com.veganet.easytransport.controller.UserController.passwordForgotten(java.lang.String)
juil. 04, 2017 11:52:25 AM org.springframework.web.servlet.mvc.method.annotation.RequestMappingHandlerMapping register
INFOS: Mapped &quot;{[/users/updateUser/{id}],methods=[POST]}&quot; onto public void com.veganet.easytransport.controller.UserController.updateUser(int,com.veganet.easytransport.entities.User)
juil. 04, 2017 11:52:25 AM org.springframework.web.servlet.mvc.method.annotation.RequestMappingHandlerMapping register
INFOS: Mapped &quot;{[/users/deleteUser/{id}],methods=[DELETE],produces=[application/json]}&quot; onto public void com.veganet.easytransport.controller.UserController.deleteUser(int)
juil. 04, 2017 11:52:25 AM org.springframework.web.servlet.mvc.method.annotation.RequestMappingHandlerMapping register
INFOS: Mapped &quot;{[/users/getAllUsers],methods=[GET]}&quot; onto public java.util.List&lt;com.veganet.easytransport.entities.User&gt; com.veganet.easytransport.controller.UserController.getAllUsers()
juil. 04, 2017 11:52:25 AM org.springframework.web.servlet.mvc.method.annotation.RequestMappingHandlerMapping register
INFOS: Mapped &quot;{[/users/getAllAdmins],methods=[GET]}&quot; onto public java.util.List&lt;com.veganet.easytransport.entities.User&gt; com.veganet.easytransport.controller.UserController.getAllAdmins()
juil. 04, 2017 11:52:25 AM org.springframework.web.servlet.mvc.method.annotation.RequestMappingHandlerMapping register
INFOS: Mapped &quot;{[/users/getAllDrivers],methods=[GET]}&quot; onto public java.util.List&lt;com.veganet.easytransport.entities.User&gt; com.veganet.easytransport.controller.UserController.getAllDrivers()
juil. 04, 2017 11:52:25 AM org.springframework.web.servlet.mvc.method.annotation.RequestMappingHandlerMapping register
INFOS: Mapped &quot;{[/users/getAllTravelers],methods=[GET]}&quot; onto public java.util.List&lt;com.veganet.easytransport.entities.User&gt; com.veganet.easytransport.controller.UserController.getAllTravelers()
juil. 04, 2017 11:52:25 AM org.springframework.web.servlet.mvc.method.annotation.RequestMappingHandlerMapping register
INFOS: Mapped &quot;{[/users/getUser/{id}],methods=[GET]}&quot; onto public com.veganet.easytransport.entities.User com.veganet.easytransport.controller.UserController.getUserById(int)
juil. 04, 2017 11:52:25 AM org.springframework.web.servlet.mvc.method.annotation.RequestMappingHandlerMapping register
INFOS: Mapped &quot;{[/users/getAllSuperAdmins],methods=[GET]}&quot; onto public java.util.List&lt;com.veganet.easytransport.entities.User&gt; com.veganet.easytransport.controller.UserController.getAllSuperAdmins()
juil. 04, 2017 11:52:26 AM org.springframework.web.servlet.mvc.method.annotation.RequestMappingHandlerAdapter initControllerAdviceCache
INFOS: Looking for @ControllerAdvice: org.springframework.context.support.GenericApplicationContext@6e1ec318: startup date [Tue Jul 04 11:52:23 GMT+01:00 2017]; root of context hierarchy
juil. 04, 2017 11:52:27 AM org.springframework.web.servlet.mvc.method.annotation.RequestMappingHandlerAdapter initControllerAdviceCache
INFOS: Looking for @ControllerAdvice: org.springframework.context.support.GenericApplicationContext@6e1ec318: startup date [Tue Jul 04 11:52:23 GMT+01:00 2017]; root of context hierarchy
juil. 04, 2017 11:52:27 AM org.springframework.web.servlet.handler.SimpleUrlHandlerMapping registerHandler
INFOS: Mapped URL path [/resources/**] onto handler &apos;org.springframework.web.servlet.resource.ResourceHttpRequestHandler#0&apos;
juil. 04, 2017 11:52:32 AM org.hibernate.annotations.common.reflection.java.JavaReflectionManager &lt;clinit&gt;
INFO: HCANN000001: Hibernate Commons Annotations {4.0.4.Final}
juil. 04, 2017 11:52:32 AM org.hibernate.Version logVersion
INFO: HHH000412: Hibernate Core {4.3.5.Final}
juil. 04, 2017 11:52:32 AM org.hibernate.cfg.Environment &lt;clinit&gt;
INFO: HHH000206: hibernate.properties not found
juil. 04, 2017 11:52:32 AM org.hibernate.cfg.Environment buildBytecodeProvider
INFO: HHH000021: Bytecode provider name : javassist
juil. 04, 2017 11:52:40 AM org.hibernate.dialect.Dialect &lt;init&gt;
INFO: HHH000400: Using dialect: org.hibernate.dialect.MySQLDialect
juil. 04, 2017 11:52:40 AM org.hibernate.engine.jdbc.internal.LobCreatorBuilder useContextualLobCreation
INFO: HHH000423: Disabling contextual LOB creation as JDBC driver reported JDBC version [3] less than 4
juil. 04, 2017 11:52:42 AM org.hibernate.engine.transaction.internal.TransactionFactoryInitiator initiateService
INFO: HHH000399: Using default transaction strategy (direct JDBC transactions)
juil. 04, 2017 11:52:42 AM org.hibernate.hql.internal.ast.ASTQueryTranslatorFactory &lt;init&gt;
INFO: HHH000397: Using ASTQueryTranslatorFactory
juil. 04, 2017 11:52:51 AM org.springframework.context.support.GenericApplicationContext refresh
AVERTISSEMENT: Exception encountered during context initialization - cancelling refresh attempt
org.springframework.beans.factory.BeanCreationException: Error creating bean with name &apos;loginController&apos;: Injection of resource dependencies failed; nested exception is org.springframework.beans.factory.NoSuchBeanDefinitionException: No bean named &apos;authenticationManager&apos; is defined
	at org.springframework.context.annotation.CommonAnnotationBeanPostProcessor.postProcessPropertyValues(CommonAnnotationBeanPostProcessor.java:311)
	at org.springframework.beans.factory.support.AbstractAutowireCapableBeanFactory.populateBean(AbstractAutowireCapableBeanFactory.java:1214)
	at org.springframework.beans.factory.support.AbstractAutowireCapableBeanFactory.doCreateBean(AbstractAutowireCapableBeanFactory.java:543)
	at org.springframework.beans.factory.support.AbstractAutowireCapableBeanFactory.createBean(AbstractAutowireCapableBeanFactory.java:482)
	at org.springframework.beans.factory.support.AbstractBeanFactory$1.getObject(AbstractBeanFactory.java:305)
	at org.springframework.beans.factory.support.DefaultSingletonBeanRegistry.getSingleton(DefaultSingletonBeanRegistry.java:230)
	at org.springframework.beans.factory.support.AbstractBeanFactory.doGetBean(AbstractBeanFactory.java:301)
	at org.springframework.beans.factory.support.AbstractBeanFactory.getBean(AbstractBeanFactory.java:196)
	at org.springframework.beans.factory.support.DefaultListableBeanFactory.preInstantiateSingletons(DefaultListableBeanFactory.java:772)
	at org.springframework.context.support.AbstractApplicationContext.finishBeanFactoryInitialization(AbstractApplicationContext.java:834)
	at org.springframework.context.support.AbstractApplicationContext.refresh(AbstractApplicationContext.java:537)
	at org.springframework.test.context.support.AbstractGenericContextLoader.loadContext(AbstractGenericContextLoader.java:125)
	at org.springframework.test.context.support.AbstractGenericContextLoader.loadContext(AbstractGenericContextLoader.java:60)
	at org.springframework.test.context.support.AbstractDelegatingSmartContextLoader.delegateLoading(AbstractDelegatingSmartContextLoader.java:109)
	at org.springframework.test.context.support.AbstractDelegatingSmartContextLoader.loadContext(AbstractDelegatingSmartContextLoader.java:261)
	at org.springframework.test.context.cache.DefaultCacheAwareContextLoaderDelegate.loadContextInternal(DefaultCacheAwareContextLoaderDelegate.java:98)
	at org.springframework.test.context.cache.DefaultCacheAwareContextLoaderDelegate.loadContext(DefaultCacheAwareContextLoaderDelegate.java:116)
	at org.springframework.test.context.support.DefaultTestContext.getApplicationContext(DefaultTestContext.java:83)
	at org.springframework.test.context.support.DependencyInjectionTestExecutionListener.injectDependencies(DependencyInjectionTestExecutionListener.java:117)
	at org.springframework.test.context.support.DependencyInjectionTestExecutionListener.prepareTestInstance(DependencyInjectionTestExecutionListener.java:83)
	at org.springframework.test.context.TestContextManager.prepareTestInstance(TestContextManager.java:228)
	at org.springframework.test.context.junit4.SpringJUnit4ClassRunner.createTest(SpringJUnit4ClassRunner.java:217)
	at org.springframework.test.context.junit4.SpringJUnit4ClassRunner$1.runReflectiveCall(SpringJUnit4ClassRunner.java:276)
	at org.junit.internal.runners.model.ReflectiveCallable.run(ReflectiveCallable.java:12)
	at org.springframework.test.context.junit4.SpringJUnit4ClassRunner.methodBlock(SpringJUnit4ClassRunner.java:278)
	at org.springframework.test.context.junit4.SpringJUnit4ClassRunner.runChild(SpringJUnit4ClassRunner.java:236)
	at org.springframework.test.context.junit4.SpringJUnit4ClassRunner.runChild(SpringJUnit4ClassRunner.java:87)
	at org.junit.runners.ParentRunner$3.run(ParentRunner.java:290)
	at org.junit.runners.ParentRunner$1.schedule(ParentRunner.java:71)
	at org.junit.runners.ParentRunner.runChildren(ParentRunner.java:288)
	at org.junit.runners.ParentRunner.access$000(ParentRunner.java:58)
	at org.junit.runners.ParentRunner$2.evaluate(ParentRunner.java:268)
	at org.springframework.test.context.junit4.statements.RunBeforeTestClassCallbacks.evaluate(RunBeforeTestClassCallbacks.java:61)
	at org.springframework.test.context.junit4.statements.RunAfterTestClassCallbacks.evaluate(RunAfterTestClassCallbacks.java:70)
	at org.junit.runners.ParentRunner.run(ParentRunner.java:363)
	at org.springframework.test.context.junit4.SpringJUnit4ClassRunner.run(SpringJUnit4ClassRunner.java:180)
	at org.apache.maven.surefire.junit4.JUnit4TestSet.execute(JUnit4TestSet.java:53)
	at org.apache.maven.surefire.junit4.JUnit4Provider.executeTestSet(JUnit4Provider.java:123)
	at org.apache.maven.surefire.junit4.JUnit4Provider.invoke(JUnit4Provider.java:104)
	at sun.reflect.NativeMethodAccessorImpl.invoke0(Native Method)
	at sun.reflect.NativeMethodAccessorImpl.invoke(NativeMethodAccessorImpl.java:62)
	at sun.reflect.DelegatingMethodAccessorImpl.invoke(DelegatingMethodAccessorImpl.java:43)
	at java.lang.reflect.Method.invoke(Method.java:498)
	at org.apache.maven.surefire.util.ReflectionUtils.invokeMethodWithArray(ReflectionUtils.java:164)
	at org.apache.maven.surefire.booter.ProviderFactory$ProviderProxy.invoke(ProviderFactory.java:110)
	at org.apache.maven.surefire.booter.SurefireStarter.invokeProvider(SurefireStarter.java:175)
	at org.apache.maven.surefire.booter.SurefireStarter.runSuitesInProcessWhenForked(SurefireStarter.java:107)
	at org.apache.maven.surefire.booter.ForkedBooter.main(ForkedBooter.java:68)
Caused by: org.springframework.beans.factory.NoSuchBeanDefinitionException: No bean named &apos;authenticationManager&apos; is defined
	at org.springframework.beans.factory.support.DefaultListableBeanFactory.getBeanDefinition(DefaultListableBeanFactory.java:698)
	at org.springframework.beans.factory.support.AbstractBeanFactory.getMergedLocalBeanDefinition(AbstractBeanFactory.java:1174)
	at org.springframework.beans.factory.support.AbstractBeanFactory.doGetBean(AbstractBeanFactory.java:283)
	at org.springframework.beans.factory.support.AbstractBeanFactory.getBean(AbstractBeanFactory.java:201)
	at org.springframework.context.annotation.CommonAnnotationBeanPostProcessor.autowireResource(CommonAnnotationBeanPostProcessor.java:512)
	at org.springframework.context.annotation.CommonAnnotationBeanPostProcessor.getResource(CommonAnnotationBeanPostProcessor.java:486)
	at org.springframework.context.annotation.CommonAnnotationBeanPostProcessor$ResourceElement.getResourceToInject(CommonAnnotationBeanPostProcessor.java:615)
	at org.springframework.beans.factory.annotation.InjectionMetadata$InjectedElement.inject(InjectionMetadata.java:169)
	at org.springframework.beans.factory.annotation.InjectionMetadata.inject(InjectionMetadata.java:88)
	at org.springframework.context.annotation.CommonAnnotationBeanPostProcessor.postProcessPropertyValues(CommonAnnotationBeanPostProcessor.java:308)
	... 47 more

juil. 04, 2017 11:52:52 AM org.springframework.test.context.TestContextManager prepareTestInstance
GRAVE: Caught exception while allowing TestExecutionListener [org.springframework.test.context.support.DependencyInjectionTestExecutionListener@5e3a8624] to prepare test instance [com.veganet.easytransport.test.UserDaoTest@103082dd]
java.lang.IllegalStateException: Failed to load ApplicationContext
	at org.springframework.test.context.cache.DefaultCacheAwareContextLoaderDelegate.loadContext(DefaultCacheAwareContextLoaderDelegate.java:124)
	at org.springframework.test.context.support.DefaultTestContext.getApplicationContext(DefaultTestContext.java:83)
	at org.springframework.test.context.support.DependencyInjectionTestExecutionListener.injectDependencies(DependencyInjectionTestExecutionListener.java:117)
	at org.springframework.test.context.support.DependencyInjectionTestExecutionListener.prepareTestInstance(DependencyInjectionTestExecutionListener.java:83)
	at org.springframework.test.context.TestContextManager.prepareTestInstance(TestContextManager.java:228)
	at org.springframework.test.context.junit4.SpringJUnit4ClassRunner.createTest(SpringJUnit4ClassRunner.java:217)
	at org.springframework.test.context.junit4.SpringJUnit4ClassRunner$1.runReflectiveCall(SpringJUnit4ClassRunner.java:276)
	at org.junit.internal.runners.model.ReflectiveCallable.run(ReflectiveCallable.java:12)
	at org.springframework.test.context.junit4.SpringJUnit4ClassRunner.methodBlock(SpringJUnit4ClassRunner.java:278)
	at org.springframework.test.context.junit4.SpringJUnit4ClassRunner.runChild(SpringJUnit4ClassRunner.java:236)
	at org.springframework.test.context.junit4.SpringJUnit4ClassRunner.runChild(SpringJUnit4ClassRunner.java:87)
	at org.junit.runners.ParentRunner$3.run(ParentRunner.java:290)
	at org.junit.runners.ParentRunner$1.schedule(ParentRunner.java:71)
	at org.junit.runners.ParentRunner.runChildren(ParentRunner.java:288)
	at org.junit.runners.ParentRunner.access$000(ParentRunner.java:58)
	at org.junit.runners.ParentRunner$2.evaluate(ParentRunner.java:268)
	at org.springframework.test.context.junit4.statements.RunBeforeTestClassCallbacks.evaluate(RunBeforeTestClassCallbacks.java:61)
	at org.springframework.test.context.junit4.statements.RunAfterTestClassCallbacks.evaluate(RunAfterTestClassCallbacks.java:70)
	at org.junit.runners.ParentRunner.run(ParentRunner.java:363)
	at org.springframework.test.context.junit4.SpringJUnit4ClassRunner.run(SpringJUnit4ClassRunner.java:180)
	at org.apache.maven.surefire.junit4.JUnit4TestSet.execute(JUnit4TestSet.java:53)
	at org.apache.maven.surefire.junit4.JUnit4Provider.executeTestSet(JUnit4Provider.java:123)
	at org.apache.maven.surefire.junit4.JUnit4Provider.invoke(JUnit4Provider.java:104)
	at sun.reflect.NativeMethodAccessorImpl.invoke0(Native Method)
	at sun.reflect.NativeMethodAccessorImpl.invoke(NativeMethodAccessorImpl.java:62)
	at sun.reflect.DelegatingMethodAccessorImpl.invoke(DelegatingMethodAccessorImpl.java:43)
	at java.lang.reflect.Method.invoke(Method.java:498)
	at org.apache.maven.surefire.util.ReflectionUtils.invokeMethodWithArray(ReflectionUtils.java:164)
	at org.apache.maven.surefire.booter.ProviderFactory$ProviderProxy.invoke(ProviderFactory.java:110)
	at org.apache.maven.surefire.booter.SurefireStarter.invokeProvider(SurefireStarter.java:175)
	at org.apache.maven.surefire.booter.SurefireStarter.runSuitesInProcessWhenForked(SurefireStarter.java:107)
	at org.apache.maven.surefire.booter.ForkedBooter.main(ForkedBooter.java:68)
Caused by: org.springframework.beans.factory.BeanCreationException: Error creating bean with name &apos;loginController&apos;: Injection of resource dependencies failed; nested exception is org.springframework.beans.factory.NoSuchBeanDefinitionException: No bean named &apos;authenticationManager&apos; is defined
	at org.springframework.context.annotation.CommonAnnotationBeanPostProcessor.postProcessPropertyValues(CommonAnnotationBeanPostProcessor.java:311)
	at org.springframework.beans.factory.support.AbstractAutowireCapableBeanFactory.populateBean(AbstractAutowireCapableBeanFactory.java:1214)
	at org.springframework.beans.factory.support.AbstractAutowireCapableBeanFactory.doCreateBean(AbstractAutowireCapableBeanFactory.java:543)
	at org.springframework.beans.factory.support.AbstractAutowireCapableBeanFactory.createBean(AbstractAutowireCapableBeanFactory.java:482)
	at org.springframework.beans.factory.support.AbstractBeanFactory$1.getObject(AbstractBeanFactory.java:305)
	at org.springframework.beans.factory.support.DefaultSingletonBeanRegistry.getSingleton(DefaultSingletonBeanRegistry.java:230)
	at org.springframework.beans.factory.support.AbstractBeanFactory.doGetBean(AbstractBeanFactory.java:301)
	at org.springframework.beans.factory.support.AbstractBeanFactory.getBean(AbstractBeanFactory.java:196)
	at org.springframework.beans.factory.support.DefaultListableBeanFactory.preInstantiateSingletons(DefaultListableBeanFactory.java:772)
	at org.springframework.context.support.AbstractApplicationContext.finishBeanFactoryInitialization(AbstractApplicationContext.java:834)
	at org.springframework.context.support.AbstractApplicationContext.refresh(AbstractApplicationContext.java:537)
	at org.springframework.test.context.support.AbstractGenericContextLoader.loadContext(AbstractGenericContextLoader.java:125)
	at org.springframework.test.context.support.AbstractGenericContextLoader.loadContext(AbstractGenericContextLoader.java:60)
	at org.springframework.test.context.support.AbstractDelegatingSmartContextLoader.delegateLoading(AbstractDelegatingSmartContextLoader.java:109)
	at org.springframework.test.context.support.AbstractDelegatingSmartContextLoader.loadContext(AbstractDelegatingSmartContextLoader.java:261)
	at org.springframework.test.context.cache.DefaultCacheAwareContextLoaderDelegate.loadContextInternal(DefaultCacheAwareContextLoaderDelegate.java:98)
	at org.springframework.test.context.cache.DefaultCacheAwareContextLoaderDelegate.loadContext(DefaultCacheAwareContextLoaderDelegate.java:116)
	... 31 more
Caused by: org.springframework.beans.factory.NoSuchBeanDefinitionException: No bean named &apos;authenticationManager&apos; is defined
	at org.springframework.beans.factory.support.DefaultListableBeanFactory.getBeanDefinition(DefaultListableBeanFactory.java:698)
	at org.springframework.beans.factory.support.AbstractBeanFactory.getMergedLocalBeanDefinition(AbstractBeanFactory.java:1174)
	at org.springframework.beans.factory.support.AbstractBeanFactory.doGetBean(AbstractBeanFactory.java:283)
	at org.springframework.beans.factory.support.AbstractBeanFactory.getBean(AbstractBeanFactory.java:201)
	at org.springframework.context.annotation.CommonAnnotationBeanPostProcessor.autowireResource(CommonAnnotationBeanPostProcessor.java:512)
	at org.springframework.context.annotation.CommonAnnotationBeanPostProcessor.getResource(CommonAnnotationBeanPostProcessor.java:486)
	at org.springframework.context.annotation.CommonAnnotationBeanPostProcessor$ResourceElement.getResourceToInject(CommonAnnotationBeanPostProcessor.java:615)
	at org.springframework.beans.factory.annotation.InjectionMetadata$InjectedElement.inject(InjectionMetadata.java:169)
	at org.springframework.beans.factory.annotation.InjectionMetadata.inject(InjectionMetadata.java:88)
	at org.springframework.context.annotation.CommonAnnotationBeanPostProcessor.postProcessPropertyValues(CommonAnnotationBeanPostProcessor.java:308)
	... 47 more

</system-err>
  </testcase>
</testsuite>